Flow report for FinalProject
Sun Dec 15 22:05:13 2024
Quartus II 64-Bit Version 13.0.1 Build 232 06/12/2013 Service Pack 1 SJ Web Edition


---------------------
; Table of Contents ;
---------------------
  1. Legal Notice
  2. Flow Summary
  3. Flow Settings
  4. Flow Non-Default Global Settings
  5. Flow Elapsed Time
  6. Flow OS Summary
  7. Flow Log
  8. Flow Messages
  9. Flow Suppressed Messages



----------------
; Legal Notice ;
----------------
Copyright (C) 1991-2013 Altera Corporation
Your use of Altera Corporation's design tools, logic functions 
and other software and tools, and its AMPP partner logic 
functions, and any output files from any of the foregoing 
(including device programming or simulation files), and any 
associated documentation or information are expressly subject 
to the terms and conditions of the Altera Program License 
Subscription Agreement, Altera MegaCore Function License 
Agreement, or other applicable license agreement, including, 
without limitation, that your use is for the sole purpose of 
programming logic devices manufactured by Altera and sold by 
Altera or its authorized distributors.  Please refer to the 
applicable agreement for further details.



+--------------------------------------------------------------------------------------+
; Flow Summary                                                                         ;
+------------------------------------+-------------------------------------------------+
; Flow Status                        ; Successful - Sun Dec 15 22:05:13 2024           ;
; Quartus II 64-Bit Version          ; 13.0.1 Build 232 06/12/2013 SP 1 SJ Web Edition ;
; Revision Name                      ; FinalProject                                    ;
; Top-level Entity Name              ; TOP_Module                                      ;
; Family                             ; Cyclone IV E                                    ;
; Device                             ; EP4CE115F29C7                                   ;
; Timing Models                      ; Final                                           ;
; Total logic elements               ; 682 / 114,480 ( < 1 % )                         ;
;     Total combinational functions  ; 653 / 114,480 ( < 1 % )                         ;
;     Dedicated logic registers      ; 270 / 114,480 ( < 1 % )                         ;
; Total registers                    ; 270                                             ;
; Total pins                         ; 45 / 529 ( 9 % )                                ;
; Total virtual pins                 ; 0                                               ;
; Total memory bits                  ; 0 / 3,981,312 ( 0 % )                           ;
; Embedded Multiplier 9-bit elements ; 0 / 532 ( 0 % )                                 ;
; Total PLLs                         ; 0 / 4 ( 0 % )                                   ;
+------------------------------------+-------------------------------------------------+


+-----------------------------------------+
; Flow Settings                           ;
+-------------------+---------------------+
; Option            ; Setting             ;
+-------------------+---------------------+
; Start date & time ; 12/15/2024 22:04:48 ;
; Main task         ; Compilation         ;
; Revision Name     ; FinalProject        ;
+-------------------+---------------------+


+-------------------------------------------------------------------------------------------------------------------+
; Flow Non-Default Global Settings                                                                                  ;
+-------------------------------------+------------------------------+---------------+-------------+----------------+
; Assignment Name                     ; Value                        ; Default Value ; Entity Name ; Section Id     ;
+-------------------------------------+------------------------------+---------------+-------------+----------------+
; COMPILER_SIGNATURE_ID               ; 710093308809.173429308816348 ; --            ; --          ; --             ;
; EDA_OUTPUT_DATA_FORMAT              ; Vhdl                         ; --            ; --          ; eda_simulation ;
; EDA_SIMULATION_TOOL                 ; ModelSim-Altera (VHDL)       ; <None>        ; --          ; --             ;
; MAX_CORE_JUNCTION_TEMP              ; 85                           ; --            ; --          ; --             ;
; MIN_CORE_JUNCTION_TEMP              ; 0                            ; --            ; --          ; --             ;
; PARTITION_COLOR                     ; 16764057                     ; --            ; TOP_Module  ; Top            ;
; PARTITION_FITTER_PRESERVATION_LEVEL ; PLACEMENT_AND_ROUTING        ; --            ; TOP_Module  ; Top            ;
; PARTITION_NETLIST_TYPE              ; SOURCE                       ; --            ; TOP_Module  ; Top            ;
; PROJECT_OUTPUT_DIRECTORY            ; output_files                 ; --            ; --          ; --             ;
; TOP_LEVEL_ENTITY                    ; TOP_Module                   ; FinalProject  ; --          ; --             ;
+-------------------------------------+------------------------------+---------------+-------------+----------------+


+-------------------------------------------------------------------------------------------------------------------------------+
; Flow Elapsed Time                                                                                                             ;
+---------------------------+--------------+-------------------------+---------------------+------------------------------------+
; Module Name               ; Elapsed Time ; Average Processors Used ; Peak Virtual Memory ; Total CPU Time (on all processors) ;
+---------------------------+--------------+-------------------------+---------------------+------------------------------------+
; Analysis & Synthesis      ; 00:00:03     ; 1.0                     ; 4581 MB             ; 00:00:02                           ;
; Fitter                    ; 00:00:14     ; 1.0                     ; 5082 MB             ; 00:00:14                           ;
; Assembler                 ; 00:00:03     ; 1.0                     ; 4575 MB             ; 00:00:03                           ;
; TimeQuest Timing Analyzer ; 00:00:02     ; 1.0                     ; 4665 MB             ; 00:00:02                           ;
; EDA Netlist Writer        ; 00:00:01     ; 1.0                     ; 4533 MB             ; 00:00:01                           ;
; Total                     ; 00:00:23     ; --                      ; --                  ; 00:00:22                           ;
+---------------------------+--------------+-------------------------+---------------------+------------------------------------+


+-----------------------------------------------------------------------------------------+
; Flow OS Summary                                                                         ;
+---------------------------+-------------------+-----------+------------+----------------+
; Module Name               ; Machine Hostname  ; OS Name   ; OS Version ; Processor type ;
+---------------------------+-------------------+-----------+------------+----------------+
; Analysis & Synthesis      ; BOOK-AnthonyALLAM ; Windows 7 ; 6.2        ; x86_64         ;
; Fitter                    ; BOOK-AnthonyALLAM ; Windows 7 ; 6.2        ; x86_64         ;
; Assembler                 ; BOOK-AnthonyALLAM ; Windows 7 ; 6.2        ; x86_64         ;
; TimeQuest Timing Analyzer ; BOOK-AnthonyALLAM ; Windows 7 ; 6.2        ; x86_64         ;
; EDA Netlist Writer        ; BOOK-AnthonyALLAM ; Windows 7 ; 6.2        ; x86_64         ;
+---------------------------+-------------------+-----------+------------+----------------+


------------
; Flow Log ;
------------
quartus_map --read_settings_files=on --write_settings_files=off FinalProject -c FinalProject
quartus_fit --read_settings_files=off --write_settings_files=off FinalProject -c FinalProject
quartus_asm --read_settings_files=off --write_settings_files=off FinalProject -c FinalProject
quartus_sta FinalProject -c FinalProject
quartus_eda --read_settings_files=off --write_settings_files=off FinalProject -c FinalProject



