Analysis & Synthesis report for FinalProject
Sun Dec 15 22:04:50 2024
Quartus II 64-Bit Version 13.0.1 Build 232 06/12/2013 Service Pack 1 SJ Web Edition


---------------------
; Table of Contents ;
---------------------
  1. Legal Notice
  2. Analysis & Synthesis Summary
  3. Analysis & Synthesis Settings
  4. Parallel Compilation
  5. Analysis & Synthesis Source Files Read
  6. Analysis & Synthesis Resource Usage Summary
  7. Analysis & Synthesis Resource Utilization by Entity
  8. State Machine - |TOP_Module|LCD_module:ready_to_play|mLCD_ST
  9. State Machine - |TOP_Module|LCD_module:ready_to_play|LCD_Controller:u0|ST
 10. State Machine - |TOP_Module|STATE_Manager:comb_3|IR_RECEIVER:read_ir|state
 11. User-Specified and Inferred Latches
 12. Registers Removed During Synthesis
 13. Removed Registers Triggering Further Register Optimizations
 14. General Register Statistics
 15. Inverted Register Statistics
 16. Multiplexer Restructuring Statistics (Restructuring Performed)
 17. Parameter Settings for User Entity Instance: STATE_Manager:comb_3|IR_RECEIVER:read_ir
 18. Parameter Settings for User Entity Instance: LCD_module:ready_to_play
 19. Parameter Settings for User Entity Instance: LCD_module:ready_to_play|LCD_Controller:u0
 20. Port Connectivity Checks: "STATE_Manager:comb_3|IR_RECEIVER:read_ir"
 21. Elapsed Time Per Partition
 22. Analysis & Synthesis Messages



----------------
; Legal Notice ;
----------------
Copyright (C) 1991-2013 Altera Corporation
Your use of Altera Corporation's design tools, logic functions 
and other software and tools, and its AMPP partner logic 
functions, and any output files from any of the foregoing 
(including device programming or simulation files), and any 
associated documentation or information are expressly subject 
to the terms and conditions of the Altera Program License 
Subscription Agreement, Altera MegaCore Function License 
Agreement, or other applicable license agreement, including, 
without limitation, that your use is for the sole purpose of 
programming logic devices manufactured by Altera and sold by 
Altera or its authorized distributors.  Please refer to the 
applicable agreement for further details.



+--------------------------------------------------------------------------------------+
; Analysis & Synthesis Summary                                                         ;
+------------------------------------+-------------------------------------------------+
; Analysis & Synthesis Status        ; Successful - Sun Dec 15 22:04:50 2024           ;
; Quartus II 64-Bit Version          ; 13.0.1 Build 232 06/12/2013 SP 1 SJ Web Edition ;
; Revision Name                      ; FinalProject                                    ;
; Top-level Entity Name              ; TOP_Module                                      ;
; Family                             ; Cyclone IV E                                    ;
; Total logic elements               ; 678                                             ;
;     Total combinational functions  ; 653                                             ;
;     Dedicated logic registers      ; 270                                             ;
; Total registers                    ; 270                                             ;
; Total pins                         ; 45                                              ;
; Total virtual pins                 ; 0                                               ;
; Total memory bits                  ; 0                                               ;
; Embedded Multiplier 9-bit elements ; 0                                               ;
; Total PLLs                         ; 0                                               ;
+------------------------------------+-------------------------------------------------+


+----------------------------------------------------------------------------------------------------------------------+
; Analysis & Synthesis Settings                                                                                        ;
+----------------------------------------------------------------------------+--------------------+--------------------+
; Option                                                                     ; Setting            ; Default Value      ;
+----------------------------------------------------------------------------+--------------------+--------------------+
; Device                                                                     ; EP4CE115F29C7      ;                    ;
; Top-level entity name                                                      ; TOP_Module         ; FinalProject       ;
; Family name                                                                ; Cyclone IV E       ; Cyclone IV GX      ;
; Use smart compilation                                                      ; Off                ; Off                ;
; Enable parallel Assembler and TimeQuest Timing Analyzer during compilation ; On                 ; On                 ;
; Enable compact report table                                                ; Off                ; Off                ;
; Restructure Multiplexers                                                   ; Auto               ; Auto               ;
; Create Debugging Nodes for IP Cores                                        ; Off                ; Off                ;
; Preserve fewer node names                                                  ; On                 ; On                 ;
; Disable OpenCore Plus hardware evaluation                                  ; Off                ; Off                ;
; Verilog Version                                                            ; Verilog_2001       ; Verilog_2001       ;
; VHDL Version                                                               ; VHDL_1993          ; VHDL_1993          ;
; State Machine Processing                                                   ; Auto               ; Auto               ;
; Safe State Machine                                                         ; Off                ; Off                ;
; Extract Verilog State Machines                                             ; On                 ; On                 ;
; Extract VHDL State Machines                                                ; On                 ; On                 ;
; Ignore Verilog initial constructs                                          ; Off                ; Off                ;
; Iteration limit for constant Verilog loops                                 ; 5000               ; 5000               ;
; Iteration limit for non-constant Verilog loops                             ; 250                ; 250                ;
; Add Pass-Through Logic to Inferred RAMs                                    ; On                 ; On                 ;
; Infer RAMs from Raw Logic                                                  ; On                 ; On                 ;
; Parallel Synthesis                                                         ; On                 ; On                 ;
; DSP Block Balancing                                                        ; Auto               ; Auto               ;
; NOT Gate Push-Back                                                         ; On                 ; On                 ;
; Power-Up Don't Care                                                        ; On                 ; On                 ;
; Remove Redundant Logic Cells                                               ; Off                ; Off                ;
; Remove Duplicate Registers                                                 ; On                 ; On                 ;
; Ignore CARRY Buffers                                                       ; Off                ; Off                ;
; Ignore CASCADE Buffers                                                     ; Off                ; Off                ;
; Ignore GLOBAL Buffers                                                      ; Off                ; Off                ;
; Ignore ROW GLOBAL Buffers                                                  ; Off                ; Off                ;
; Ignore LCELL Buffers                                                       ; Off                ; Off                ;
; Ignore SOFT Buffers                                                        ; On                 ; On                 ;
; Limit AHDL Integers to 32 Bits                                             ; Off                ; Off                ;
; Optimization Technique                                                     ; Balanced           ; Balanced           ;
; Carry Chain Length                                                         ; 70                 ; 70                 ;
; Auto Carry Chains                                                          ; On                 ; On                 ;
; Auto Open-Drain Pins                                                       ; On                 ; On                 ;
; Perform WYSIWYG Primitive Resynthesis                                      ; Off                ; Off                ;
; Auto ROM Replacement                                                       ; On                 ; On                 ;
; Auto RAM Replacement                                                       ; On                 ; On                 ;
; Auto DSP Block Replacement                                                 ; On                 ; On                 ;
; Auto Shift Register Replacement                                            ; Auto               ; Auto               ;
; Allow Shift Register Merging across Hierarchies                            ; Auto               ; Auto               ;
; Auto Clock Enable Replacement                                              ; On                 ; On                 ;
; Strict RAM Replacement                                                     ; Off                ; Off                ;
; Allow Synchronous Control Signals                                          ; On                 ; On                 ;
; Force Use of Synchronous Clear Signals                                     ; Off                ; Off                ;
; Auto RAM Block Balancing                                                   ; On                 ; On                 ;
; Auto RAM to Logic Cell Conversion                                          ; Off                ; Off                ;
; Auto Resource Sharing                                                      ; Off                ; Off                ;
; Allow Any RAM Size For Recognition                                         ; Off                ; Off                ;
; Allow Any ROM Size For Recognition                                         ; Off                ; Off                ;
; Allow Any Shift Register Size For Recognition                              ; Off                ; Off                ;
; Use LogicLock Constraints during Resource Balancing                        ; On                 ; On                 ;
; Ignore translate_off and synthesis_off directives                          ; Off                ; Off                ;
; Timing-Driven Synthesis                                                    ; On                 ; On                 ;
; Report Parameter Settings                                                  ; On                 ; On                 ;
; Report Source Assignments                                                  ; On                 ; On                 ;
; Report Connectivity Checks                                                 ; On                 ; On                 ;
; Ignore Maximum Fan-Out Assignments                                         ; Off                ; Off                ;
; Synchronization Register Chain Length                                      ; 2                  ; 2                  ;
; PowerPlay Power Optimization                                               ; Normal compilation ; Normal compilation ;
; HDL message level                                                          ; Level2             ; Level2             ;
; Suppress Register Optimization Related Messages                            ; Off                ; Off                ;
; Number of Removed Registers Reported in Synthesis Report                   ; 5000               ; 5000               ;
; Number of Swept Nodes Reported in Synthesis Report                         ; 5000               ; 5000               ;
; Number of Inverted Registers Reported in Synthesis Report                  ; 100                ; 100                ;
; Clock MUX Protection                                                       ; On                 ; On                 ;
; Auto Gated Clock Conversion                                                ; Off                ; Off                ;
; Block Design Naming                                                        ; Auto               ; Auto               ;
; SDC constraint protection                                                  ; Off                ; Off                ;
; Synthesis Effort                                                           ; Auto               ; Auto               ;
; Shift Register Replacement - Allow Asynchronous Clear Signal               ; On                 ; On                 ;
; Pre-Mapping Resynthesis Optimization                                       ; Off                ; Off                ;
; Analysis & Synthesis Message Level                                         ; Medium             ; Medium             ;
; Disable Register Merging Across Hierarchies                                ; Auto               ; Auto               ;
; Resource Aware Inference For Block RAM                                     ; On                 ; On                 ;
; Synthesis Seed                                                             ; 1                  ; 1                  ;
+----------------------------------------------------------------------------+--------------------+--------------------+


Parallel compilation was disabled, but you have multiple processors available. Enable parallel compilation to reduce compilation time.
+-------------------------------------+
; Parallel Compilation                ;
+----------------------------+--------+
; Processors                 ; Number ;
+----------------------------+--------+
; Number detected on machine ; 16     ;
; Maximum allowed            ; 1      ;
+----------------------------+--------+


+-----------------------------------------------------------------------------------------------------------------------------------------------------------------------+
; Analysis & Synthesis Source Files Read                                                                                                                                ;
+----------------------------------+-----------------+------------------------+-------------------------------------------------------------------------------+---------+
; File Name with User-Entered Path ; Used in Netlist ; File Type              ; File Name with Absolute Path                                                  ; Library ;
+----------------------------------+-----------------+------------------------+-------------------------------------------------------------------------------+---------+
; IR_RECEIVER.v                    ; yes             ; User Verilog HDL File  ; C:/Users/Anthony/Desktop/FinalProject-original/FinalProject/IR_RECEIVER.v     ;         ;
; TOP_Module.v                     ; yes             ; User Verilog HDL File  ; C:/Users/Anthony/Desktop/FinalProject-original/FinalProject/TOP_Module.v      ;         ;
; clock_devider.v                  ; yes             ; User Verilog HDL File  ; C:/Users/Anthony/Desktop/FinalProject-original/FinalProject/clock_devider.v   ;         ;
; LCD_Controller.v                 ; yes             ; User Verilog HDL File  ; C:/Users/Anthony/Desktop/FinalProject-original/FinalProject/LCD_Controller.v  ;         ;
; LCD_module.v                     ; yes             ; User Verilog HDL File  ; C:/Users/Anthony/Desktop/FinalProject-original/FinalProject/LCD_module.v      ;         ;
; STATE_Manager.v                  ; yes             ; User Verilog HDL File  ; C:/Users/Anthony/Desktop/FinalProject-original/FinalProject/STATE_Manager.v   ;         ;
; power_selection.v                ; yes             ; User Verilog HDL File  ; C:/Users/Anthony/Desktop/FinalProject-original/FinalProject/power_selection.v ;         ;
; COUNTDOWN_SEG.v                  ; yes             ; User Verilog HDL File  ; C:/Users/Anthony/Desktop/FinalProject-original/FinalProject/COUNTDOWN_SEG.v   ;         ;
; DISPLAY_SEG.v                    ; yes             ; User Verilog HDL File  ; C:/Users/Anthony/Desktop/FinalProject-original/FinalProject/DISPLAY_SEG.v     ;         ;
+----------------------------------+-----------------+------------------------+-------------------------------------------------------------------------------+---------+


+---------------------------------------------------------------+
; Analysis & Synthesis Resource Usage Summary                   ;
+---------------------------------------------+-----------------+
; Resource                                    ; Usage           ;
+---------------------------------------------+-----------------+
; Estimated Total logic elements              ; 678             ;
;                                             ;                 ;
; Total combinational functions               ; 653             ;
; Logic element usage by number of LUT inputs ;                 ;
;     -- 4 input functions                    ; 332             ;
;     -- 3 input functions                    ; 54              ;
;     -- <=2 input functions                  ; 267             ;
;                                             ;                 ;
; Logic elements by mode                      ;                 ;
;     -- normal mode                          ; 488             ;
;     -- arithmetic mode                      ; 165             ;
;                                             ;                 ;
; Total registers                             ; 270             ;
;     -- Dedicated logic registers            ; 270             ;
;     -- I/O registers                        ; 0               ;
;                                             ;                 ;
; I/O pins                                    ; 45              ;
; Embedded Multiplier 9-bit elements          ; 0               ;
; Maximum fan-out node                        ; clk_50Mhz~input ;
; Maximum fan-out                             ; 270             ;
; Total fan-out                               ; 3001            ;
; Average fan-out                             ; 2.96            ;
+---------------------------------------------+-----------------+


+----------------------------------------------------------------------------------------------------------------------------------------------------------------------------------------------------------------------------------+
; Analysis & Synthesis Resource Utilization by Entity                                                                                                                                                                              ;
+----------------------------------------+-------------------+--------------+-------------+--------------+---------+-----------+------+--------------+--------------------------------------------------------------+--------------+
; Compilation Hierarchy Node             ; LC Combinationals ; LC Registers ; Memory Bits ; DSP Elements ; DSP 9x9 ; DSP 18x18 ; Pins ; Virtual Pins ; Full Hierarchy Name                                          ; Library Name ;
+----------------------------------------+-------------------+--------------+-------------+--------------+---------+-----------+------+--------------+--------------------------------------------------------------+--------------+
; |TOP_Module                            ; 653 (0)           ; 270 (0)      ; 0           ; 0            ; 0       ; 0         ; 45   ; 0            ; |TOP_Module                                                  ; work         ;
;    |DISPLAY_SEG:display_countdown|     ; 7 (7)             ; 0 (0)        ; 0           ; 0            ; 0       ; 0         ; 0    ; 0            ; |TOP_Module|DISPLAY_SEG:display_countdown                    ; work         ;
;    |LCD_module:ready_to_play|          ; 306 (285)         ; 59 (46)      ; 0           ; 0            ; 0       ; 0         ; 0    ; 0            ; |TOP_Module|LCD_module:ready_to_play                         ; work         ;
;       |LCD_Controller:u0|              ; 21 (21)           ; 13 (13)      ; 0           ; 0            ; 0       ; 0         ; 0    ; 0            ; |TOP_Module|LCD_module:ready_to_play|LCD_Controller:u0       ; work         ;
;    |STATE_Manager:comb_3|              ; 277 (95)          ; 170 (37)     ; 0           ; 0            ; 0       ; 0         ; 0    ; 0            ; |TOP_Module|STATE_Manager:comb_3                             ; work         ;
;       |COUNTDOWN_SEG:counting_down|    ; 57 (57)           ; 34 (34)      ; 0           ; 0            ; 0       ; 0         ; 0    ; 0            ; |TOP_Module|STATE_Manager:comb_3|COUNTDOWN_SEG:counting_down ; work         ;
;       |IR_RECEIVER:read_ir|            ; 125 (125)         ; 99 (99)      ; 0           ; 0            ; 0       ; 0         ; 0    ; 0            ; |TOP_Module|STATE_Manager:comb_3|IR_RECEIVER:read_ir         ; work         ;
;    |clock_devider:clk_div|             ; 54 (54)           ; 31 (31)      ; 0           ; 0            ; 0       ; 0         ; 0    ; 0            ; |TOP_Module|clock_devider:clk_div                            ; work         ;
;    |power_selection:select_your_power| ; 9 (9)             ; 10 (10)      ; 0           ; 0            ; 0       ; 0         ; 0    ; 0            ; |TOP_Module|power_selection:select_your_power                ; work         ;
+----------------------------------------+-------------------+--------------+-------------+--------------+---------+-----------+------+--------------+--------------------------------------------------------------+--------------+
Note: For table entries with two numbers listed, the numbers in parentheses indicate the number of resources of the given type used by the specific entity alone. The numbers listed outside of parentheses indicate the total resources of the given type used by the specific entity and all of its sub-entities in the hierarchy.


Encoding Type:  One-Hot
+------------------------------------------------------------------------------------+
; State Machine - |TOP_Module|LCD_module:ready_to_play|mLCD_ST                       ;
+----------------+----------------+----------------+----------------+----------------+
; Name           ; mLCD_ST.000011 ; mLCD_ST.000010 ; mLCD_ST.000001 ; mLCD_ST.000000 ;
+----------------+----------------+----------------+----------------+----------------+
; mLCD_ST.000000 ; 0              ; 0              ; 0              ; 0              ;
; mLCD_ST.000001 ; 0              ; 0              ; 1              ; 1              ;
; mLCD_ST.000010 ; 0              ; 1              ; 0              ; 1              ;
; mLCD_ST.000011 ; 1              ; 0              ; 0              ; 1              ;
+----------------+----------------+----------------+----------------+----------------+


Encoding Type:  One-Hot
+---------------------------------------------------------------------------+
; State Machine - |TOP_Module|LCD_module:ready_to_play|LCD_Controller:u0|ST ;
+-------+-------+-------+-------+-------------------------------------------+
; Name  ; ST.11 ; ST.10 ; ST.01 ; ST.00                                     ;
+-------+-------+-------+-------+-------------------------------------------+
; ST.00 ; 0     ; 0     ; 0     ; 0                                         ;
; ST.01 ; 0     ; 0     ; 1     ; 1                                         ;
; ST.10 ; 0     ; 1     ; 0     ; 1                                         ;
; ST.11 ; 1     ; 0     ; 0     ; 1                                         ;
+-------+-------+-------+-------+-------------------------------------------+


Encoding Type:  One-Hot
+----------------------------------------------------------------------------+
; State Machine - |TOP_Module|STATE_Manager:comb_3|IR_RECEIVER:read_ir|state ;
+----------------+------------+----------------+-----------------------------+
; Name           ; state.IDLE ; state.DATAREAD ; state.GUIDANCE              ;
+----------------+------------+----------------+-----------------------------+
; state.IDLE     ; 0          ; 0              ; 0                           ;
; state.GUIDANCE ; 1          ; 0              ; 1                           ;
; state.DATAREAD ; 1          ; 1              ; 0                           ;
+----------------+------------+----------------+-----------------------------+


+--------------------------------------------------------------------------------------------------------------------+
; User-Specified and Inferred Latches                                                                                ;
+----------------------------------------------------+--------------------------------------+------------------------+
; Latch Name                                         ; Latch Enable Signal                  ; Free of Timing Hazards ;
+----------------------------------------------------+--------------------------------------+------------------------+
; LCD_module:ready_to_play|LUT_DATA[0]               ; LCD_module:ready_to_play|LUT_DATA[1] ; yes                    ;
; LCD_module:ready_to_play|LUT_DATA[1]               ; LCD_module:ready_to_play|LUT_DATA[1] ; yes                    ;
; LCD_module:ready_to_play|LUT_DATA[2]               ; LCD_module:ready_to_play|LUT_DATA[1] ; yes                    ;
; LCD_module:ready_to_play|LUT_DATA[3]               ; LCD_module:ready_to_play|LUT_DATA[1] ; yes                    ;
; LCD_module:ready_to_play|LUT_DATA[4]               ; LCD_module:ready_to_play|LUT_DATA[1] ; yes                    ;
; LCD_module:ready_to_play|LUT_DATA[5]               ; LCD_module:ready_to_play|LUT_DATA[1] ; yes                    ;
; LCD_module:ready_to_play|LUT_DATA[6]               ; LCD_module:ready_to_play|LUT_DATA[1] ; yes                    ;
; LCD_module:ready_to_play|LUT_DATA[7]               ; LCD_module:ready_to_play|LUT_DATA[1] ; yes                    ;
; LCD_module:ready_to_play|LUT_DATA[8]               ; LCD_module:ready_to_play|LUT_DATA[1] ; yes                    ;
; Number of user-specified and inferred latches = 9  ;                                      ;                        ;
+----------------------------------------------------+--------------------------------------+------------------------+
Note: All latches listed above may not be present at the end of synthesis due to various synthesis optimizations.


+------------------------------------------------------------------------------------------------------------------+
; Registers Removed During Synthesis                                                                               ;
+-------------------------------------------------------+----------------------------------------------------------+
; Register name                                         ; Reason for Removal                                       ;
+-------------------------------------------------------+----------------------------------------------------------+
; power_selection:select_your_power|oHEX_D2[1]          ; Stuck at GND due to stuck port data_in                   ;
; power_selection:select_your_power|oHEX_D1[1]          ; Stuck at GND due to stuck port data_in                   ;
; STATE_Manager:comb_3|COUNTDOWN_SEG:counting_down|flag ; Stuck at VCC due to stuck port data_in                   ;
; STATE_Manager:comb_3|chosen_code[0..7]                ; Lost fanout                                              ;
; power_selection:select_your_power|oHEX_D2[3]          ; Merged with power_selection:select_your_power|oHEX_D2[0] ;
; power_selection:select_your_power|oHEX_D1[3]          ; Merged with power_selection:select_your_power|oHEX_D1[0] ;
; LCD_module:ready_to_play|mLCD_ST~6                    ; Lost fanout                                              ;
; LCD_module:ready_to_play|mLCD_ST~7                    ; Lost fanout                                              ;
; LCD_module:ready_to_play|mLCD_ST~8                    ; Lost fanout                                              ;
; LCD_module:ready_to_play|mLCD_ST~9                    ; Lost fanout                                              ;
; LCD_module:ready_to_play|mLCD_ST~10                   ; Lost fanout                                              ;
; LCD_module:ready_to_play|mLCD_ST~11                   ; Lost fanout                                              ;
; LCD_module:ready_to_play|LCD_Controller:u0|ST~8       ; Lost fanout                                              ;
; LCD_module:ready_to_play|LCD_Controller:u0|ST~9       ; Lost fanout                                              ;
; Total Number of Removed Registers = 21                ;                                                          ;
+-------------------------------------------------------+----------------------------------------------------------+


+---------------------------------------------------------------------------------------------------------------------------------------------------------------+
; Removed Registers Triggering Further Register Optimizations                                                                                                   ;
+-------------------------------------------------------+---------------------------+---------------------------------------------------------------------------+
; Register name                                         ; Reason for Removal        ; Registers Removed due to This Register                                    ;
+-------------------------------------------------------+---------------------------+---------------------------------------------------------------------------+
; STATE_Manager:comb_3|COUNTDOWN_SEG:counting_down|flag ; Stuck at VCC              ; STATE_Manager:comb_3|chosen_code[7], STATE_Manager:comb_3|chosen_code[6], ;
;                                                       ; due to stuck port data_in ; STATE_Manager:comb_3|chosen_code[5], STATE_Manager:comb_3|chosen_code[4]  ;
+-------------------------------------------------------+---------------------------+---------------------------------------------------------------------------+


+------------------------------------------------------+
; General Register Statistics                          ;
+----------------------------------------------+-------+
; Statistic                                    ; Value ;
+----------------------------------------------+-------+
; Total registers                              ; 270   ;
; Number of registers using Synchronous Clear  ; 115   ;
; Number of registers using Synchronous Load   ; 2     ;
; Number of registers using Asynchronous Clear ; 104   ;
; Number of registers using Asynchronous Load  ; 0     ;
; Number of registers using Clock Enable       ; 156   ;
; Number of registers using Preset             ; 0     ;
+----------------------------------------------+-------+


+-----------------------------------------------------------------------------+
; Inverted Register Statistics                                                ;
+-------------------------------------------------------------------+---------+
; Inverted Register                                                 ; Fan out ;
+-------------------------------------------------------------------+---------+
; STATE_Manager:comb_3|COUNTDOWN_SEG:counting_down|countdown_val[1] ; 4       ;
; STATE_Manager:comb_3|COUNTDOWN_SEG:counting_down|countdown_val[3] ; 3       ;
; Total number of inverted registers = 2                            ;         ;
+-------------------------------------------------------------------+---------+


+--------------------------------------------------------------------------------------------------------------------------------------------------------------------------------+
; Multiplexer Restructuring Statistics (Restructuring Performed)                                                                                                                 ;
+--------------------+-----------+---------------+----------------------+------------------------+------------+------------------------------------------------------------------+
; Multiplexer Inputs ; Bus Width ; Baseline Area ; Area if Restructured ; Saving if Restructured ; Registered ; Example Multiplexer Output                                       ;
+--------------------+-----------+---------------+----------------------+------------------------+------------+------------------------------------------------------------------+
; 3:1                ; 6 bits    ; 12 LEs        ; 6 LEs                ; 6 LEs                  ; Yes        ; |TOP_Module|STATE_Manager:comb_3|IR_RECEIVER:read_ir|bitcount[1] ;
; 4:1                ; 9 bits    ; 18 LEs        ; 9 LEs                ; 9 LEs                  ; Yes        ; |TOP_Module|LCD_module:ready_to_play|mLCD_DATA[3]                ;
; 4:1                ; 6 bits    ; 12 LEs        ; 6 LEs                ; 6 LEs                  ; Yes        ; |TOP_Module|LCD_module:ready_to_play|LUT_INDEX[5]                ;
; 3:1                ; 2 bits    ; 4 LEs         ; 2 LEs                ; 2 LEs                  ; Yes        ; |TOP_Module|LCD_module:ready_to_play|LCD_Controller:u0|mStart    ;
; 16:1               ; 8 bits    ; 80 LEs        ; 40 LEs               ; 40 LEs                 ; Yes        ; |TOP_Module|LCD_module:ready_to_play|state_valid_camouflage      ;
; 16:1               ; 5 bits    ; 50 LEs        ; 10 LEs               ; 40 LEs                 ; Yes        ; |TOP_Module|power_selection:select_your_power|oHEX_D1[5]         ;
; 16:1               ; 5 bits    ; 50 LEs        ; 10 LEs               ; 40 LEs                 ; Yes        ; |TOP_Module|power_selection:select_your_power|oHEX_D2[6]         ;
; 6:1                ; 30 bits   ; 120 LEs       ; 30 LEs               ; 90 LEs                 ; Yes        ; |TOP_Module|STATE_Manager:comb_3|counter[17]                     ;
; 5:1                ; 18 bits   ; 54 LEs        ; 18 LEs               ; 36 LEs                 ; Yes        ; |TOP_Module|LCD_module:ready_to_play|mDLY[0]                     ;
; 3:1                ; 2 bits    ; 4 LEs         ; 4 LEs                ; 0 LEs                  ; No         ; |TOP_Module|LCD_module:ready_to_play|mLCD_ST                     ;
; 6:1                ; 3 bits    ; 12 LEs        ; 6 LEs                ; 6 LEs                  ; No         ; |TOP_Module|STATE_Manager:comb_3|IR_RECEIVER:read_ir|Selector1   ;
; 8:1                ; 2 bits    ; 10 LEs        ; 8 LEs                ; 2 LEs                  ; No         ; |TOP_Module|LCD_module:ready_to_play|mLCD_ST                     ;
; 42:1               ; 2 bits    ; 56 LEs        ; 14 LEs               ; 42 LEs                 ; No         ; |TOP_Module|LCD_module:ready_to_play|LUT_DATA[7]                 ;
; 156:1              ; 5 bits    ; 520 LEs       ; 455 LEs              ; 65 LEs                 ; No         ; |TOP_Module|LCD_module:ready_to_play|LUT_DATA[0]                 ;
+--------------------+-----------+---------------+----------------------+------------------------+------------+------------------------------------------------------------------+


+---------------------------------------------------------------------------------------+
; Parameter Settings for User Entity Instance: STATE_Manager:comb_3|IR_RECEIVER:read_ir ;
+-------------------+--------+----------------------------------------------------------+
; Parameter Name    ; Value  ; Type                                                     ;
+-------------------+--------+----------------------------------------------------------+
; IDLE              ; 00     ; Unsigned Binary                                          ;
; GUIDANCE          ; 01     ; Unsigned Binary                                          ;
; DATAREAD          ; 10     ; Unsigned Binary                                          ;
; IDLE_HIGH_DUR     ; 262143 ; Signed Integer                                           ;
; GUIDE_LOW_DUR     ; 230000 ; Signed Integer                                           ;
; GUIDE_HIGH_DUR    ; 210000 ; Signed Integer                                           ;
; DATA_HIGH_DUR     ; 41500  ; Signed Integer                                           ;
; BIT_AVAILABLE_DUR ; 20000  ; Signed Integer                                           ;
+-------------------+--------+----------------------------------------------------------+
Note: In order to hide this table in the UI and the text report file, please set the "Show Parameter Settings in Synthesis Report" option in "Analysis and Synthesis Settings -> More Settings" to "Off".


+-----------------------------------------------------------------------+
; Parameter Settings for User Entity Instance: LCD_module:ready_to_play ;
+----------------+-------+----------------------------------------------+
; Parameter Name ; Value ; Type                                         ;
+----------------+-------+----------------------------------------------+
; LCD_INTIAL     ; 0     ; Signed Integer                               ;
; LCD_LINE1      ; 5     ; Signed Integer                               ;
; LCD_CH_LINE    ; 21    ; Signed Integer                               ;
; LCD_LINE2      ; 22    ; Signed Integer                               ;
; LUT_SIZE       ; 38    ; Signed Integer                               ;
+----------------+-------+----------------------------------------------+
Note: In order to hide this table in the UI and the text report file, please set the "Show Parameter Settings in Synthesis Report" option in "Analysis and Synthesis Settings -> More Settings" to "Off".


+-----------------------------------------------------------------------------------------+
; Parameter Settings for User Entity Instance: LCD_module:ready_to_play|LCD_Controller:u0 ;
+----------------+-------+----------------------------------------------------------------+
; Parameter Name ; Value ; Type                                                           ;
+----------------+-------+----------------------------------------------------------------+
; CLK_Divide     ; 16    ; Signed Integer                                                 ;
+----------------+-------+----------------------------------------------------------------+
Note: In order to hide this table in the UI and the text report file, please set the "Show Parameter Settings in Synthesis Report" option in "Analysis and Synthesis Settings -> More Settings" to "Off".


+----------------------------------------------------------------------------------------------------------------------------------------------+
; Port Connectivity Checks: "STATE_Manager:comb_3|IR_RECEIVER:read_ir"                                                                         ;
+---------------+--------+----------+----------------------------------------------------------------------------------------------------------+
; Port          ; Type   ; Severity ; Details                                                                                                  ;
+---------------+--------+----------+----------------------------------------------------------------------------------------------------------+
; oDATA[31..24] ; Output ; Info     ; Connected to dangling logic. Logic that only feeds a dangling port will be removed.                      ;
; oDATA[15..0]  ; Output ; Info     ; Connected to dangling logic. Logic that only feeds a dangling port will be removed.                      ;
; oDATA_READY   ; Output ; Warning  ; Declared by entity but not connected by instance. Logic that only feeds a dangling port will be removed. ;
+---------------+--------+----------+----------------------------------------------------------------------------------------------------------+


+-------------------------------+
; Elapsed Time Per Partition    ;
+----------------+--------------+
; Partition Name ; Elapsed Time ;
+----------------+--------------+
; Top            ; 00:00:01     ;
+----------------+--------------+


+-------------------------------+
; Analysis & Synthesis Messages ;
+-------------------------------+
Info: *******************************************************************
Info: Running Quartus II 64-Bit Analysis & Synthesis
    Info: Version 13.0.1 Build 232 06/12/2013 Service Pack 1 SJ Web Edition
    Info: Processing started: Sun Dec 15 22:04:47 2024
Info: Command: quartus_map --read_settings_files=on --write_settings_files=off FinalProject -c FinalProject
Warning (20028): Parallel compilation is not licensed and has been disabled
Warning (10238): Verilog Module Declaration warning at DE2_115_IR.v(22): ignored anonymous port(s) indicated by duplicate or dangling comma(s) in the port list for module "DE2_115_IR"
Info (12021): Found 1 design units, including 1 entities, in source file de2_115_ir.v
    Info (12023): Found entity 1: DE2_115_IR
Info (12021): Found 1 design units, including 1 entities, in source file ir_receiver.v
    Info (12023): Found entity 1: IR_RECEIVER
Info (12021): Found 1 design units, including 1 entities, in source file top_module.v
    Info (12023): Found entity 1: TOP_Module
Info (12021): Found 1 design units, including 1 entities, in source file clock_devider.v
    Info (12023): Found entity 1: clock_devider
Info (12021): Found 1 design units, including 1 entities, in source file lcd_controller.v
    Info (12023): Found entity 1: LCD_Controller
Info (12021): Found 1 design units, including 1 entities, in source file lcd_module.v
    Info (12023): Found entity 1: LCD_module
Info (12021): Found 1 design units, including 1 entities, in source file state_manager.v
    Info (12023): Found entity 1: STATE_Manager
Info (12021): Found 1 design units, including 1 entities, in source file power_selection.v
    Info (12023): Found entity 1: power_selection
Info (12021): Found 1 design units, including 1 entities, in source file countdown_seg.v
    Info (12023): Found entity 1: COUNTDOWN_SEG
Info (12021): Found 1 design units, including 1 entities, in source file display_seg.v
    Info (12023): Found entity 1: DISPLAY_SEG
Critical Warning (10846): Verilog HDL Instantiation warning at TOP_Module.v(37): instance has no name
Info (12127): Elaborating entity "TOP_Module" for the top level hierarchy
Info (12128): Elaborating entity "clock_devider" for hierarchy "clock_devider:clk_div"
Warning (10230): Verilog HDL assignment warning at clock_devider.v(15): truncated value with size 32 to match size of target (30)
Warning (10230): Verilog HDL assignment warning at clock_devider.v(21): truncated value with size 32 to match size of target (30)
Info (12128): Elaborating entity "STATE_Manager" for hierarchy "STATE_Manager:comb_3"
Warning (10230): Verilog HDL assignment warning at STATE_Manager.v(72): truncated value with size 32 to match size of target (30)
Warning (10230): Verilog HDL assignment warning at STATE_Manager.v(92): truncated value with size 32 to match size of target (30)
Warning (10230): Verilog HDL assignment warning at STATE_Manager.v(104): truncated value with size 32 to match size of target (30)
Warning (10230): Verilog HDL assignment warning at STATE_Manager.v(116): truncated value with size 32 to match size of target (30)
Warning (10230): Verilog HDL assignment warning at STATE_Manager.v(128): truncated value with size 32 to match size of target (30)
Warning (10230): Verilog HDL assignment warning at STATE_Manager.v(140): truncated value with size 32 to match size of target (30)
Warning (10230): Verilog HDL assignment warning at STATE_Manager.v(152): truncated value with size 32 to match size of target (30)
Warning (10230): Verilog HDL assignment warning at STATE_Manager.v(164): truncated value with size 32 to match size of target (30)
Info (12128): Elaborating entity "IR_RECEIVER" for hierarchy "STATE_Manager:comb_3|IR_RECEIVER:read_ir"
Info (12128): Elaborating entity "COUNTDOWN_SEG" for hierarchy "STATE_Manager:comb_3|COUNTDOWN_SEG:counting_down"
Warning (10230): Verilog HDL assignment warning at COUNTDOWN_SEG.v(22): truncated value with size 32 to match size of target (4)
Warning (10230): Verilog HDL assignment warning at COUNTDOWN_SEG.v(30): truncated value with size 32 to match size of target (26)
Info (12128): Elaborating entity "LCD_module" for hierarchy "LCD_module:ready_to_play"
Warning (10230): Verilog HDL assignment warning at LCD_module.v(161): truncated value with size 32 to match size of target (18)
Warning (10230): Verilog HDL assignment warning at LCD_module.v(169): truncated value with size 32 to match size of target (6)
Warning (10235): Verilog HDL Always Construct warning at LCD_module.v(180): variable "state_valid_ready" is read inside the Always Construct but isn't in the Always Construct's Event Control
Warning (10235): Verilog HDL Always Construct warning at LCD_module.v(182): variable "LUT_INDEX" is read inside the Always Construct but isn't in the Always Construct's Event Control
Warning (10235): Verilog HDL Always Construct warning at LCD_module.v(230): variable "state_valid_group" is read inside the Always Construct but isn't in the Always Construct's Event Control
Warning (10235): Verilog HDL Always Construct warning at LCD_module.v(231): variable "LUT_INDEX" is read inside the Always Construct but isn't in the Always Construct's Event Control
Warning (10235): Verilog HDL Always Construct warning at LCD_module.v(279): variable "state_valid_coder" is read inside the Always Construct but isn't in the Always Construct's Event Control
Warning (10235): Verilog HDL Always Construct warning at LCD_module.v(280): variable "LUT_INDEX" is read inside the Always Construct but isn't in the Always Construct's Event Control
Warning (10235): Verilog HDL Always Construct warning at LCD_module.v(328): variable "state_valid_breaker" is read inside the Always Construct but isn't in the Always Construct's Event Control
Warning (10235): Verilog HDL Always Construct warning at LCD_module.v(329): variable "LUT_INDEX" is read inside the Always Construct but isn't in the Always Construct's Event Control
Warning (10235): Verilog HDL Always Construct warning at LCD_module.v(377): variable "state_valid_invisible" is read inside the Always Construct but isn't in the Always Construct's Event Control
Warning (10235): Verilog HDL Always Construct warning at LCD_module.v(378): variable "LUT_INDEX" is read inside the Always Construct but isn't in the Always Construct's Event Control
Warning (10235): Verilog HDL Always Construct warning at LCD_module.v(425): variable "state_valid_flexible" is read inside the Always Construct but isn't in the Always Construct's Event Control
Warning (10235): Verilog HDL Always Construct warning at LCD_module.v(426): variable "LUT_INDEX" is read inside the Always Construct but isn't in the Always Construct's Event Control
Warning (10235): Verilog HDL Always Construct warning at LCD_module.v(473): variable "state_valid_camouflage" is read inside the Always Construct but isn't in the Always Construct's Event Control
Warning (10235): Verilog HDL Always Construct warning at LCD_module.v(474): variable "LUT_INDEX" is read inside the Always Construct but isn't in the Always Construct's Event Control
Warning (10235): Verilog HDL Always Construct warning at LCD_module.v(521): variable "state_valid_test" is read inside the Always Construct but isn't in the Always Construct's Event Control
Warning (10235): Verilog HDL Always Construct warning at LCD_module.v(522): variable "LUT_INDEX" is read inside the Always Construct but isn't in the Always Construct's Event Control
Warning (10240): Verilog HDL Always Construct warning at LCD_module.v(178): inferring latch(es) for variable "LUT_DATA", which holds its previous value in one or more paths through the always construct
Info (10041): Inferred latch for "LUT_DATA[0]" at LCD_module.v(178)
Info (10041): Inferred latch for "LUT_DATA[1]" at LCD_module.v(178)
Info (10041): Inferred latch for "LUT_DATA[2]" at LCD_module.v(178)
Info (10041): Inferred latch for "LUT_DATA[3]" at LCD_module.v(178)
Info (10041): Inferred latch for "LUT_DATA[4]" at LCD_module.v(178)
Info (10041): Inferred latch for "LUT_DATA[5]" at LCD_module.v(178)
Info (10041): Inferred latch for "LUT_DATA[6]" at LCD_module.v(178)
Info (10041): Inferred latch for "LUT_DATA[7]" at LCD_module.v(178)
Info (10041): Inferred latch for "LUT_DATA[8]" at LCD_module.v(178)
Info (12128): Elaborating entity "LCD_Controller" for hierarchy "LCD_module:ready_to_play|LCD_Controller:u0"
Warning (10230): Verilog HDL assignment warning at LCD_Controller.v(87): truncated value with size 32 to match size of target (5)
Info (12128): Elaborating entity "power_selection" for hierarchy "power_selection:select_your_power"
Info (12128): Elaborating entity "DISPLAY_SEG" for hierarchy "DISPLAY_SEG:display_countdown"
Warning (12241): 1 hierarchies have connectivity warnings - see the Connectivity Checks report folder
Warning (13012): Latch LCD_module:ready_to_play|LUT_DATA[0] has unsafe behavior
    Warning (13013): Ports D and ENA on the latch are fed by the same signal LCD_module:ready_to_play|state_valid_test
Warning (13012): Latch LCD_module:ready_to_play|LUT_DATA[1] has unsafe behavior
    Warning (13013): Ports D and ENA on the latch are fed by the same signal LCD_module:ready_to_play|state_valid_test
Warning (13012): Latch LCD_module:ready_to_play|LUT_DATA[2] has unsafe behavior
    Warning (13013): Ports D and ENA on the latch are fed by the same signal LCD_module:ready_to_play|state_valid_test
Warning (13012): Latch LCD_module:ready_to_play|LUT_DATA[3] has unsafe behavior
    Warning (13013): Ports D and ENA on the latch are fed by the same signal LCD_module:ready_to_play|state_valid_flexible
Warning (13012): Latch LCD_module:ready_to_play|LUT_DATA[4] has unsafe behavior
    Warning (13013): Ports D and ENA on the latch are fed by the same signal LCD_module:ready_to_play|state_valid_test
Warning (13012): Latch LCD_module:ready_to_play|LUT_DATA[5] has unsafe behavior
    Warning (13013): Ports D and ENA on the latch are fed by the same signal LCD_module:ready_to_play|state_valid_test
Warning (13012): Latch LCD_module:ready_to_play|LUT_DATA[6] has unsafe behavior
    Warning (13013): Ports D and ENA on the latch are fed by the same signal LCD_module:ready_to_play|state_valid_test
Warning (13012): Latch LCD_module:ready_to_play|LUT_DATA[7] has unsafe behavior
    Warning (13013): Ports D and ENA on the latch are fed by the same signal LCD_module:ready_to_play|state_valid_test
Warning (13012): Latch LCD_module:ready_to_play|LUT_DATA[8] has unsafe behavior
    Warning (13013): Ports D and ENA on the latch are fed by the same signal LCD_module:ready_to_play|state_valid_test
Warning (13024): Output pins are stuck at VCC or GND
    Warning (13410): Pin "lcd_rw" is stuck at GND
    Warning (13410): Pin "HEX0[1]" is stuck at GND
    Warning (13410): Pin "HEX1[1]" is stuck at GND
Info (286030): Timing-Driven Synthesis is running
Info (17049): 16 registers lost all their fanouts during netlist optimizations.
Info (16010): Generating hard_block partition "hard_block:auto_generated_inst"
    Info (16011): Adding 0 node(s), including 0 DDIO, 0 PLL, 0 transceiver and 0 LCELL
Warning (21074): Design contains 3 input pin(s) that do not drive logic
    Warning (15610): No output dependent on input pin "SW[6]"
    Warning (15610): No output dependent on input pin "SW[7]"
    Warning (15610): No output dependent on input pin "SW[8]"
Info (21057): Implemented 731 device resources after synthesis - the final resource count might be different
    Info (21058): Implemented 12 input pins
    Info (21059): Implemented 33 output pins
    Info (21061): Implemented 686 logic cells
Info: Quartus II 64-Bit Analysis & Synthesis was successful. 0 errors, 62 warnings
    Info: Peak virtual memory: 4592 megabytes
    Info: Processing ended: Sun Dec 15 22:04:50 2024
    Info: Elapsed time: 00:00:03
    Info: Total CPU time (on all processors): 00:00:03


